2022-04-26 20:23:02,969  INFO [main] FlightsListTests:24 - ************************************************
2022-04-26 20:23:02,972  INFO [main] FlightsListTests:25 - Executing Flights Lists API Tests started...
2022-04-26 20:23:06,541  INFO [main] FlightsListTests:38 - Vaildating response code of GET request
2022-04-26 20:23:06,547  INFO [main] FlightsListTests:41 - Verifying Status Code Test Successful: 200
2022-04-26 20:23:06,572  INFO [main] FlightsListTests:46 - Vaildating Base Currency in GET response
2022-04-26 20:23:07,591  INFO [main] FlightsListTests:49 - Vaildating Base Currency successful: SAR
2022-04-26 20:23:07,595  INFO [main] FlightsListTests:54 - Vaildating response body of request
2022-04-26 20:23:07,597  INFO [main] FlightsListTests:58 - Verifying Response body Test Successful: {"base":{"symbol":"SAR","name":"Saudi Riyal","name_ar":"\u0631\u064a\u0627\u0644 \u0633\u0639\u0648\u062f\u064a","symbol_native":"\u0631.\u0633.\u200f","decimal_digits":2,"rounding":0,"code":"SAR","name_plural":"Saudi riyals"},"equivalent":[{"symbol":"SAR","name":"Saudi Riyal","name_ar":"\u0631\u064a\u0627\u0644 \u0633\u0639\u0648\u062f\u064a","symbol_native":"\u0631.\u0633.\u200f","decimal_digits":2,"rounding":0,"code":"SAR","name_plural":"Saudi riyals","rate":1,"Rate":1,"date":"2022-04-25 08:31:33"},{"symbol":"AED","name":"United Arab Emirates Dirham","name_ar":"\u062f\u0631\u0647\u0645 \u0627\u0645\u0627\u0631\u0627\u062a\u064a","symbol_native":"\u062f.\u0625.\u200f","decimal_digits":2,"rounding":0,"code":"AED","name_plural":"UAE dirhams","rate":0.979167,"Rate":0.979167,"date":"2022-04-25 08:31:03"},{"symbol":"QAR","name":"Qatari Rial","name_ar":"\u0631\u064a\u0627\u0644 \u0642\u0637\u0631\u064a","symbol_native":"\u0631.\u0642.\u200f","decimal_digits":2,"rounding":0,"code":"QAR","name_plural":"Qatari rials","rate":0.970666,"Rate":0.970666,"date":"2022-04-25 08:31:03"},{"symbol":"KWD","name":"Kuwaiti Dinar","name_ar":"\u062f\u064a\u0646\u0627\u0631 \u0643\u0648\u064a\u062a\u064a","symbol_native":"\u062f.\u0643.\u200f","decimal_digits":3,"rounding":0,"code":"KWD","name_plural":"Kuwaiti dinars","rate":0.081492,"Rate":0.081492,"date":"2022-04-25 08:31:03"},{"symbol":"BHD","name":"Bahraini Dinar","name_ar":"\u062f\u064a\u0646\u0627\u0631 \u0628\u062d\u0631\u064a\u0646\u064a","symbol_native":"\u062f.\u0628.\u200f","decimal_digits":3,"rounding":0,"code":"BHD","name_plural":"Bahraini dinars","rate":0.100502,"Rate":0.100502,"date":"2022-04-25 08:31:03"},{"symbol":"$","name":"US Dollar","name_ar":"\u062f\u0648\u0644\u0627\u0631 \u0623\u0645\u0631\u064a\u0643\u064a","symbol_native":"$","decimal_digits":2,"rounding":0,"code":"USD","name_plural":"US dollars","rate":0.266592,"Rate":0.266592,"date":"2022-04-25 08:31:03"},{"symbol":"\u20ac","name":"Euro","name_ar":"\u064a\u0648\u0631\u0648","symbol_native":"\u20ac","decimal_digits":2,"rounding":0,"code":"EUR","name_plural":"euros","rate":0.247997,"Rate":0.247997,"date":"2022-04-25 08:31:03"},{"symbol":"\u00a3","name":"British Pound Sterling","name_ar":"\u0627\u0644\u062c\u0646\u064a\u0647 \u0627\u0644\u0627\u0633\u062a\u0631\u0644\u064a\u0646\u064a","symbol_native":"\u00a3","decimal_digits":2,"rounding":0,"code":"GBP","name_plural":"British pounds sterling","rate":0.208883,"Rate":0.208883,"date":"2022-04-25 08:31:03"},{"symbol":"EGP","name":"Egyptian Pound","name_ar":"\u062c\u0646\u064a\u0647 \u0645\u0635\u0631\u064a","symbol_native":"\u062c.\u0645.\u200f","decimal_digits":2,"rounding":0,"code":"EGP","name_plural":"Egyptian pounds","rate":4.95288,"Rate":4.95288,"date":"2022-04-25 08:31:03"},{"symbol":"\u20b9","name":"Indian Rupee","name_ar":"\u0631\u0648\u0628\u064a\u0629 \u0647\u0646\u062f\u064a\u0629","symbol_native":"\u20b9","decimal_digits":2,"rounding":0,"code":"INR","name_plural":"Indian rupees","rate":20.421414,"Rate":20.421414,"date":"2022-04-25 08:31:03"}],"failed":[]}
2022-04-26 20:23:07,599  INFO [main] FlightsListTests:64 - Vaildating total number of supported currencies...
2022-04-26 20:23:07,767  INFO [main] FlightsListTests:71 - Vaildating number of supported currencies succesful
2022-04-26 20:23:07,769  INFO [main] FlightsListTests:77 - Vaildating Status Line Code of GET response...
2022-04-26 20:23:07,770  INFO [main] FlightsListTests:80 - Vaildating Status Line of GET response is successful: HTTP/1.1 200 OK
2022-04-26 20:23:07,772  INFO [main] FlightsListTests:86 - Vaildating Server Name in Response Header...
2022-04-26 20:23:07,774  INFO [main] FlightsListTests:89 - Vaildating Server Name in Response Header successful: cloudflare
2022-04-26 20:23:07,777  INFO [main] FlightsListTests:94 - Verifying GET request response time not exceeding 5000 milli seconds..
2022-04-26 20:23:07,820  INFO [main] FlightsListTests:96 - GET request completed within 5000 milli seconds..1994
2022-04-26 20:23:07,824  INFO [main] FlightsListTests:101 - Vaildating response code 404 when resource not available
2022-04-26 20:23:08,838  INFO [main] FlightsListTests:104 - Verifying Status Code 404 Test Successful: 200
2022-04-26 20:23:08,842  INFO [main] FlightsListTests:109 - Executing Flight List API Tests end...
2022-04-26 20:23:08,844  INFO [main] Hotels_SearchTests:31 - ************************************************...
2022-04-26 20:23:08,845  INFO [main] Hotels_SearchTests:32 - Executing Hotels Lists API Tests started...
2022-04-26 20:23:08,855  INFO [main] Hotels_SearchTests:41 - Getting Checkin Date by adding 30 days to current date...
2022-04-26 20:23:08,856  INFO [main] Hotels_SearchTests:43 - Checkin Date after adding 30 days to current date...2022-05-26
2022-04-26 20:23:08,856  INFO [main] Hotels_SearchTests:45 - Getting Checkout Date by adding 32 days to current date...
2022-04-26 20:23:08,858  INFO [main] Hotels_SearchTests:47 - Checkout Date after adding 32 days to current date...2022-05-28
2022-04-26 20:23:10,155  INFO [main] Hotels_SearchTests:57 - Vaildating Request body after POST Request..
2022-04-26 20:23:10,157  INFO [main] Hotels_SearchTests:60 - Vaildation of Request body after POST Request successful..
2022-04-26 20:23:10,161  INFO [main] Hotels_SearchTests:65 - Vaildating Status code and Status line..
2022-04-26 20:23:10,167  INFO [main] Hotels_SearchTests:68 - Vaildation of Status Code and Status Line successful..
2022-04-26 20:23:10,171  INFO [main] Hotels_SearchTests:73 - Vaildating Content Type and Server Name in Header Resp..
2022-04-26 20:23:10,179  INFO [main] Hotels_SearchTests:76 - Vaildation of Header Response successful..
2022-04-26 20:23:10,184  INFO [main] Hotels_SearchTests:81 - Vaildating for 401 Unauthorized Status code if request sent without token..
2022-04-26 20:23:11,023  INFO [main] Hotels_SearchTests:89 - Vaildation of 401 Unauthorized Status code successful..401
2022-04-26 20:23:11,028  INFO [main] Hotels_SearchTests:94 - Vaildating for 401 Unauthorized Status code if request sent with invalid token..
2022-04-26 20:23:12,101  INFO [main] Hotels_SearchTests:103 - Vaildation of 401 Unauthorized Status code with invalid token successful..401
2022-04-26 20:23:12,105  INFO [main] Hotels_SearchTests:108 - Vaildating for Unasupported error code with invalid header..
2022-04-26 20:23:12,921  INFO [main] Hotels_SearchTests:120 - Vaildation for unsupported error code successful..415
2022-04-26 20:23:12,925  INFO [main] Hotels_SearchTests:125 - Executing Hotels List API Tests end...
2022-04-26 20:23:12,927  INFO [main] FlightsGetFaresCaledarTests:24 - ************************************************...
2022-04-26 20:23:12,928  INFO [main] FlightsGetFaresCaledarTests:25 - Executing Get Fares Calendar API Tests started...
2022-04-26 20:23:12,934  INFO [main] FlightsGetFaresCaledarTests:32 - Getting Departure From date by adding 30 days to current date...
2022-04-26 20:23:12,935  INFO [main] FlightsGetFaresCaledarTests:34 - Departure From date after adding 30 days to current date...2022-05-26
2022-04-26 20:23:12,936  INFO [main] FlightsGetFaresCaledarTests:36 - Getting Departure To date by adding 32 days to current date...
2022-04-26 20:23:12,937  INFO [main] FlightsGetFaresCaledarTests:38 - Departure To date after adding 32 days to current date...2022-05-28
2022-04-26 20:23:13,843  INFO [main] FlightsGetFaresCaledarTests:57 - Validating Response body for Get Fares Calendar API...
2022-04-26 20:23:13,844  INFO [main] FlightsGetFaresCaledarTests:60 - Validation of Response body successful...
2022-04-26 20:23:13,846  INFO [main] FlightsGetFaresCaledarTests:48 - Validating Status codes for Get Fares Calendar API...
2022-04-26 20:23:13,847  INFO [main] FlightsGetFaresCaledarTests:51 - Validation of Status codes successful...
2022-04-26 20:23:13,849  INFO [main] FlightsGetFaresCaledarTests:66 - Executing Get Fares Calendar API Tests end...
2022-04-26 20:23:13,850  INFO [main] HotelsLookupTests:21 - ************************************************
2022-04-26 20:23:13,851  INFO [main] HotelsLookupTests:22 - Executing Hotels Lookup API Tests started...
2022-04-26 20:23:15,474  INFO [main] HotelsLookupTests:45 - Validating for Response body of Hotels Lookup API..
2022-04-26 20:23:15,552  INFO [main] HotelsLookupTests:48 - Validation of Response body of Hotels Lookup API successful..
2022-04-26 20:23:15,555  INFO [main] HotelsLookupTests:36 - Validating for Status codes of Hotels Lookup API..
2022-04-26 20:23:15,559  INFO [main] HotelsLookupTests:40 - Validation of Status codes of Hotels Lookup API successful..
2022-04-26 20:23:15,563  INFO [main] HotelsLookupTests:53 - Executing Hotels Lookup API Tests end...
